[debug] [2018-03-29T08:07:52.889Z] ----------------------------------------------------------------------
[debug] [2018-03-29T08:07:52.893Z] Command:       C:\Program Files\nodejs\node.exe C:\Users\sHUBHANGI\AppData\Roaming\npm\node_modules\firebase-tools\bin\firebase serve --project friendlychat-feda4
[debug] [2018-03-29T08:07:52.893Z] CLI Version:   3.17.7
[debug] [2018-03-29T08:07:52.893Z] Platform:      win32
[debug] [2018-03-29T08:07:52.893Z] Node Version:  v6.11.2
[debug] [2018-03-29T08:07:52.894Z] Time:          Thu Mar 29 2018 13:37:52 GMT+0530 (India Standard Time)
[debug] [2018-03-29T08:07:52.894Z] ----------------------------------------------------------------------
[debug] 
[debug] [2018-03-29T08:07:52.903Z] > command requires scopes: ["email","openid","https://www.googleapis.com/auth/cloudplatformprojects.readonly","https://www.googleapis.com/auth/firebase","https://www.googleapis.com/auth/cloud-platform"]
[debug] [2018-03-29T08:07:52.907Z] > authorizing via signed-in user
[debug] [2018-03-29T08:07:52.909Z] >>> HTTP REQUEST GET https://admin.firebase.com/v1/projects/friendlychat-feda4  
  
 Thu Mar 29 2018 13:37:52 GMT+0530 (India Standard Time)
[debug] [2018-03-29T08:07:58.336Z] <<< HTTP RESPONSE 200
[debug] [2018-03-29T08:07:58.336Z] >>> HTTP REQUEST GET https://admin.firebase.com/v1/database/friendlychat-feda4/tokens  
  
 Thu Mar 29 2018 13:37:58 GMT+0530 (India Standard Time)
[debug] [2018-03-29T08:07:59.867Z] <<< HTTP RESPONSE 200
[debug] [2018-03-29T08:07:59.867Z] >>> HTTP REQUEST GET https://cloudresourcemanager.googleapis.com/v1/projects/friendlychat-feda4  
  
 Thu Mar 29 2018 13:37:59 GMT+0530 (India Standard Time)
[debug] [2018-03-29T08:08:04.066Z] <<< HTTP RESPONSE 200
[info] 
[info] === Serving from 'C:\Users\sHUBHANGI\friendlychat-web\web-start'...
[info] 
[debug] [2018-03-29T08:08:04.069Z] >>> HTTP REQUEST GET https://mobilesdk-pa.googleapis.com/v1/projects/667154305538/clients/_:getWebAppConfig  
  
 Thu Mar 29 2018 13:38:04 GMT+0530 (India Standard Time)
[debug] [2018-03-29T08:08:05.386Z] <<< HTTP RESPONSE 200
[info] i  hosting: Serving hosting files from: ./
[info] +  hosting: Local server: http://localhost:5000

